0 info it worked if it ends with ok
1 verbose cli [ 'C:\\Program Files\\nodejs\\node.exe',
1 verbose cli   'C:\\Program Files\\nodejs\\node_modules\\npm\\bin\\npm-cli.js',
1 verbose cli   'install',
1 verbose cli   'cloudant' ]
2 info using npm@3.10.9
3 info using node@v7.2.0
4 silly loadCurrentTree Starting
5 silly install loadCurrentTree
6 silly install readLocalPackageData
7 silly fetchPackageMetaData cloudant
8 silly fetchNamedPackageData cloudant
9 silly mapToRegistry name cloudant
10 silly mapToRegistry using default registry
11 silly mapToRegistry registry https://registry.npmjs.org/
12 silly mapToRegistry data Result {
12 silly mapToRegistry   raw: 'cloudant',
12 silly mapToRegistry   scope: null,
12 silly mapToRegistry   escapedName: 'cloudant',
12 silly mapToRegistry   name: 'cloudant',
12 silly mapToRegistry   rawSpec: '',
12 silly mapToRegistry   spec: 'latest',
12 silly mapToRegistry   type: 'tag' }
13 silly mapToRegistry uri https://registry.npmjs.org/cloudant
14 verbose request uri https://registry.npmjs.org/cloudant
15 verbose request no auth needed
16 info attempt registry request try #1 at 22:10:15
17 verbose request id 2ef29940a7c9f73e
18 http request GET https://registry.npmjs.org/cloudant
19 http 200 https://registry.npmjs.org/cloudant
20 verbose headers { server: 'nginx/1.10.1',
20 verbose headers   'content-type': 'application/json',
20 verbose headers   'last-modified': 'Mon, 06 Feb 2017 13:21:50 GMT',
20 verbose headers   etag: 'W/"5898786e-111ce"',
20 verbose headers   'content-encoding': 'gzip',
20 verbose headers   'cache-control': 'max-age=300',
20 verbose headers   'content-length': '15372',
20 verbose headers   'accept-ranges': 'bytes',
20 verbose headers   date: 'Fri, 14 Apr 2017 14:08:39 GMT',
20 verbose headers   via: '1.1 varnish',
20 verbose headers   age: '127',
20 verbose headers   connection: 'keep-alive',
20 verbose headers   'x-served-by': 'cache-cdg8727-CDG',
20 verbose headers   'x-cache': 'HIT',
20 verbose headers   'x-cache-hits': '1',
20 verbose headers   'x-timer': 'S1492178920.555185,VS0,VE0',
20 verbose headers   vary: 'Accept-Encoding' }
21 silly get cb [ 200,
21 silly get   { server: 'nginx/1.10.1',
21 silly get     'content-type': 'application/json',
21 silly get     'last-modified': 'Mon, 06 Feb 2017 13:21:50 GMT',
21 silly get     etag: 'W/"5898786e-111ce"',
21 silly get     'content-encoding': 'gzip',
21 silly get     'cache-control': 'max-age=300',
21 silly get     'content-length': '15372',
21 silly get     'accept-ranges': 'bytes',
21 silly get     date: 'Fri, 14 Apr 2017 14:08:39 GMT',
21 silly get     via: '1.1 varnish',
21 silly get     age: '127',
21 silly get     connection: 'keep-alive',
21 silly get     'x-served-by': 'cache-cdg8727-CDG',
21 silly get     'x-cache': 'HIT',
21 silly get     'x-cache-hits': '1',
21 silly get     'x-timer': 'S1492178920.555185,VS0,VE0',
21 silly get     vary: 'Accept-Encoding' } ]
22 verbose get saving cloudant to C:\Program Files\nodejs\node_cache\registry.npmjs.org\cloudant\.cache.json
23 verbose correctMkdir C:\Program Files\nodejs\node_cache correctMkdir not in flight; initializing
24 silly install normalizeTree
25 silly loadCurrentTree Finishing
26 silly loadIdealTree Starting
27 silly install loadIdealTree
28 silly cloneCurrentTree Starting
29 silly install cloneCurrentTreeToIdealTree
30 silly cloneCurrentTree Finishing
31 silly loadShrinkwrap Starting
32 silly install loadShrinkwrap
33 silly loadShrinkwrap Finishing
34 silly loadAllDepsIntoIdealTree Starting
35 silly install loadAllDepsIntoIdealTree
36 silly resolveWithNewModule cloudant@1.7.1 checking installable status
37 silly cache add args [ 'cloudant', null ]
38 verbose cache add spec cloudant
39 silly cache add parsed spec Result {
39 silly cache add   raw: 'cloudant',
39 silly cache add   scope: null,
39 silly cache add   escapedName: 'cloudant',
39 silly cache add   name: 'cloudant',
39 silly cache add   rawSpec: '',
39 silly cache add   spec: 'latest',
39 silly cache add   type: 'tag' }
40 silly addNamed cloudant@latest
41 verbose addNamed "latest" is being treated as a dist-tag for cloudant
42 info addNameTag [ 'cloudant', 'latest' ]
43 silly mapToRegistry name cloudant
44 silly mapToRegistry using default registry
45 silly mapToRegistry registry https://registry.npmjs.org/
46 silly mapToRegistry data Result {
46 silly mapToRegistry   raw: 'cloudant',
46 silly mapToRegistry   scope: null,
46 silly mapToRegistry   escapedName: 'cloudant',
46 silly mapToRegistry   name: 'cloudant',
46 silly mapToRegistry   rawSpec: '',
46 silly mapToRegistry   spec: 'latest',
46 silly mapToRegistry   type: 'tag' }
47 silly mapToRegistry uri https://registry.npmjs.org/cloudant
48 verbose addNameTag registry:https://registry.npmjs.org/cloudant not in flight; fetching
49 verbose get https://registry.npmjs.org/cloudant not expired, no request
50 silly addNameTag next cb for cloudant with tag latest
51 silly addNamed cloudant@1.7.1
52 verbose addNamed "1.7.1" is a plain semver version for cloudant
53 silly mapToRegistry name cloudant
54 silly mapToRegistry using default registry
55 silly mapToRegistry registry https://registry.npmjs.org/
56 silly mapToRegistry data Result {
56 silly mapToRegistry   raw: 'cloudant',
56 silly mapToRegistry   scope: null,
56 silly mapToRegistry   escapedName: 'cloudant',
56 silly mapToRegistry   name: 'cloudant',
56 silly mapToRegistry   rawSpec: '',
56 silly mapToRegistry   spec: 'latest',
56 silly mapToRegistry   type: 'tag' }
57 silly mapToRegistry uri https://registry.npmjs.org/cloudant
58 verbose addRemoteTarball https://registry.npmjs.org/cloudant/-/cloudant-1.7.1.tgz not in flight; adding
59 verbose addRemoteTarball [ 'https://registry.npmjs.org/cloudant/-/cloudant-1.7.1.tgz',
59 verbose addRemoteTarball   'd52c4328eec7109a806c4a9c1d08243f7342d737' ]
60 info retry fetch attempt 1 at 22:10:19
61 info attempt registry request try #1 at 22:10:19
62 http fetch GET https://registry.npmjs.org/cloudant/-/cloudant-1.7.1.tgz
63 http fetch 200 https://registry.npmjs.org/cloudant/-/cloudant-1.7.1.tgz
64 silly fetchAndShaCheck shasum d52c4328eec7109a806c4a9c1d08243f7342d737
65 verbose addTmpTarball C:\Users\IBM_AD~1\AppData\Local\Temp\npm-8240-d1adb781\registry.npmjs.org\cloudant\-\cloudant-1.7.1.tgz not in flight; adding
66 verbose addTmpTarball already have metadata; skipping unpack for cloudant@1.7.1
67 verbose correctMkdir C:\Program Files\nodejs\node_cache correctMkdir not in flight; initializing
68 silly cache afterAdd cloudant@1.7.1
69 verbose afterAdd C:\Program Files\nodejs\node_cache\cloudant\1.7.1\package\package.json not in flight; writing
70 verbose correctMkdir C:\Program Files\nodejs\node_cache correctMkdir not in flight; initializing
71 verbose afterAdd C:\Program Files\nodejs\node_cache\cloudant\1.7.1\package\package.json written
72 silly fetchNamedPackageData async
73 silly mapToRegistry name async
74 silly mapToRegistry using default registry
75 silly mapToRegistry registry https://registry.npmjs.org/
76 silly mapToRegistry data Result {
76 silly mapToRegistry   raw: 'async',
76 silly mapToRegistry   scope: null,
76 silly mapToRegistry   escapedName: 'async',
76 silly mapToRegistry   name: 'async',
76 silly mapToRegistry   rawSpec: '',
76 silly mapToRegistry   spec: 'latest',
76 silly mapToRegistry   type: 'tag' }
77 silly mapToRegistry uri https://registry.npmjs.org/async
78 silly fetchNamedPackageData cloudant-nano
79 silly mapToRegistry name cloudant-nano
80 silly mapToRegistry using default registry
81 silly mapToRegistry registry https://registry.npmjs.org/
82 silly mapToRegistry data Result {
82 silly mapToRegistry   raw: 'cloudant-nano',
82 silly mapToRegistry   scope: null,
82 silly mapToRegistry   escapedName: 'cloudant-nano',
82 silly mapToRegistry   name: 'cloudant-nano',
82 silly mapToRegistry   rawSpec: '',
82 silly mapToRegistry   spec: 'latest',
82 silly mapToRegistry   type: 'tag' }
83 silly mapToRegistry uri https://registry.npmjs.org/cloudant-nano
84 silly fetchNamedPackageData request
85 silly mapToRegistry name request
86 silly mapToRegistry using default registry
87 silly mapToRegistry registry https://registry.npmjs.org/
88 silly mapToRegistry data Result {
88 silly mapToRegistry   raw: 'request',
88 silly mapToRegistry   scope: null,
88 silly mapToRegistry   escapedName: 'request',
88 silly mapToRegistry   name: 'request',
88 silly mapToRegistry   rawSpec: '',
88 silly mapToRegistry   spec: 'latest',
88 silly mapToRegistry   type: 'tag' }
89 silly mapToRegistry uri https://registry.npmjs.org/request
90 verbose request uri https://registry.npmjs.org/async
91 verbose request no auth needed
92 info attempt registry request try #1 at 22:10:38
93 http request GET https://registry.npmjs.org/async
94 verbose request uri https://registry.npmjs.org/cloudant-nano
95 verbose request no auth needed
96 info attempt registry request try #1 at 22:10:38
97 http request GET https://registry.npmjs.org/cloudant-nano
98 verbose request uri https://registry.npmjs.org/request
99 verbose request no auth needed
100 info attempt registry request try #1 at 22:10:38
101 http request GET https://registry.npmjs.org/request
102 http 200 https://registry.npmjs.org/cloudant-nano
103 verbose headers { server: 'nginx/1.10.1',
103 verbose headers   'content-type': 'application/json',
103 verbose headers   'last-modified': 'Tue, 10 Jan 2017 15:46:50 GMT',
103 verbose headers   etag: 'W/"587501ea-8da3"',
103 verbose headers   'content-encoding': 'gzip',
103 verbose headers   'cache-control': 'max-age=300',
103 verbose headers   'content-length': '9921',
103 verbose headers   'accept-ranges': 'bytes',
103 verbose headers   date: 'Fri, 14 Apr 2017 14:09:01 GMT',
103 verbose headers   via: '1.1 varnish',
103 verbose headers   age: '115',
103 verbose headers   connection: 'keep-alive',
103 verbose headers   'x-served-by': 'cache-cdg8735-CDG',
103 verbose headers   'x-cache': 'HIT',
103 verbose headers   'x-cache-hits': '1',
103 verbose headers   'x-timer': 'S1492178942.946084,VS0,VE0',
103 verbose headers   vary: 'Accept-Encoding' }
104 silly get cb [ 200,
104 silly get   { server: 'nginx/1.10.1',
104 silly get     'content-type': 'application/json',
104 silly get     'last-modified': 'Tue, 10 Jan 2017 15:46:50 GMT',
104 silly get     etag: 'W/"587501ea-8da3"',
104 silly get     'content-encoding': 'gzip',
104 silly get     'cache-control': 'max-age=300',
104 silly get     'content-length': '9921',
104 silly get     'accept-ranges': 'bytes',
104 silly get     date: 'Fri, 14 Apr 2017 14:09:01 GMT',
104 silly get     via: '1.1 varnish',
104 silly get     age: '115',
104 silly get     connection: 'keep-alive',
104 silly get     'x-served-by': 'cache-cdg8735-CDG',
104 silly get     'x-cache': 'HIT',
104 silly get     'x-cache-hits': '1',
104 silly get     'x-timer': 'S1492178942.946084,VS0,VE0',
104 silly get     vary: 'Accept-Encoding' } ]
105 verbose get saving cloudant-nano to C:\Program Files\nodejs\node_cache\registry.npmjs.org\cloudant-nano\.cache.json
106 verbose correctMkdir C:\Program Files\nodejs\node_cache correctMkdir not in flight; initializing
107 silly resolveWithNewModule cloudant-nano@6.4.1 checking installable status
108 silly cache add args [ 'cloudant-nano@6.4.1', null ]
109 verbose cache add spec cloudant-nano@6.4.1
110 silly cache add parsed spec Result {
110 silly cache add   raw: 'cloudant-nano@6.4.1',
110 silly cache add   scope: null,
110 silly cache add   escapedName: 'cloudant-nano',
110 silly cache add   name: 'cloudant-nano',
110 silly cache add   rawSpec: '6.4.1',
110 silly cache add   spec: '6.4.1',
110 silly cache add   type: 'version' }
111 silly addNamed cloudant-nano@6.4.1
112 verbose addNamed "6.4.1" is a plain semver version for cloudant-nano
113 silly mapToRegistry name cloudant-nano
114 silly mapToRegistry using default registry
115 silly mapToRegistry registry https://registry.npmjs.org/
116 silly mapToRegistry data Result {
116 silly mapToRegistry   raw: 'cloudant-nano',
116 silly mapToRegistry   scope: null,
116 silly mapToRegistry   escapedName: 'cloudant-nano',
116 silly mapToRegistry   name: 'cloudant-nano',
116 silly mapToRegistry   rawSpec: '',
116 silly mapToRegistry   spec: 'latest',
116 silly mapToRegistry   type: 'tag' }
117 silly mapToRegistry uri https://registry.npmjs.org/cloudant-nano
118 verbose addNameVersion registry:https://registry.npmjs.org/cloudant-nano not in flight; fetching
119 verbose get https://registry.npmjs.org/cloudant-nano not expired, no request
120 silly mapToRegistry name cloudant-nano
121 silly mapToRegistry using default registry
122 silly mapToRegistry registry https://registry.npmjs.org/
123 silly mapToRegistry data Result {
123 silly mapToRegistry   raw: 'cloudant-nano',
123 silly mapToRegistry   scope: null,
123 silly mapToRegistry   escapedName: 'cloudant-nano',
123 silly mapToRegistry   name: 'cloudant-nano',
123 silly mapToRegistry   rawSpec: '',
123 silly mapToRegistry   spec: 'latest',
123 silly mapToRegistry   type: 'tag' }
124 silly mapToRegistry uri https://registry.npmjs.org/cloudant-nano
125 verbose addRemoteTarball https://registry.npmjs.org/cloudant-nano/-/cloudant-nano-6.4.1.tgz not in flight; adding
126 verbose addRemoteTarball [ 'https://registry.npmjs.org/cloudant-nano/-/cloudant-nano-6.4.1.tgz',
126 verbose addRemoteTarball   'f3ef7ec822022a29e5da1de8a5c57c552fccf65c' ]
127 info retry fetch attempt 1 at 22:10:43
128 info attempt registry request try #1 at 22:10:43
129 http fetch GET https://registry.npmjs.org/cloudant-nano/-/cloudant-nano-6.4.1.tgz
130 http fetch 200 https://registry.npmjs.org/cloudant-nano/-/cloudant-nano-6.4.1.tgz
131 http 200 https://registry.npmjs.org/async
132 verbose headers { server: 'nginx/1.10.1',
132 verbose headers   'content-type': 'application/json',
132 verbose headers   'last-modified': 'Fri, 14 Apr 2017 00:58:15 GMT',
132 verbose headers   etag: 'W/"58f01ea7-1f7c7"',
132 verbose headers   'content-encoding': 'gzip',
132 verbose headers   'cache-control': 'max-age=300',
132 verbose headers   'content-length': '15916',
132 verbose headers   'accept-ranges': 'bytes',
132 verbose headers   date: 'Fri, 14 Apr 2017 14:09:00 GMT',
132 verbose headers   via: '1.1 varnish',
132 verbose headers   age: '275',
132 verbose headers   connection: 'keep-alive',
132 verbose headers   'x-served-by': 'cache-cdg8727-CDG',
132 verbose headers   'x-cache': 'HIT',
132 verbose headers   'x-cache-hits': '10',
132 verbose headers   'x-timer': 'S1492178940.066734,VS0,VE0',
132 verbose headers   vary: 'Accept-Encoding' }
133 silly get cb [ 200,
133 silly get   { server: 'nginx/1.10.1',
133 silly get     'content-type': 'application/json',
133 silly get     'last-modified': 'Fri, 14 Apr 2017 00:58:15 GMT',
133 silly get     etag: 'W/"58f01ea7-1f7c7"',
133 silly get     'content-encoding': 'gzip',
133 silly get     'cache-control': 'max-age=300',
133 silly get     'content-length': '15916',
133 silly get     'accept-ranges': 'bytes',
133 silly get     date: 'Fri, 14 Apr 2017 14:09:00 GMT',
133 silly get     via: '1.1 varnish',
133 silly get     age: '275',
133 silly get     connection: 'keep-alive',
133 silly get     'x-served-by': 'cache-cdg8727-CDG',
133 silly get     'x-cache': 'HIT',
133 silly get     'x-cache-hits': '10',
133 silly get     'x-timer': 'S1492178940.066734,VS0,VE0',
133 silly get     vary: 'Accept-Encoding' } ]
134 verbose get saving async to C:\Program Files\nodejs\node_cache\registry.npmjs.org\async\.cache.json
135 verbose correctMkdir C:\Program Files\nodejs\node_cache correctMkdir not in flight; initializing
136 silly resolveWithNewModule async@2.1.2 checking installable status
137 silly cache add args [ 'async@2.1.2', null ]
138 verbose cache add spec async@2.1.2
139 silly cache add parsed spec Result {
139 silly cache add   raw: 'async@2.1.2',
139 silly cache add   scope: null,
139 silly cache add   escapedName: 'async',
139 silly cache add   name: 'async',
139 silly cache add   rawSpec: '2.1.2',
139 silly cache add   spec: '2.1.2',
139 silly cache add   type: 'version' }
140 silly addNamed async@2.1.2
141 verbose addNamed "2.1.2" is a plain semver version for async
142 silly mapToRegistry name async
143 silly mapToRegistry using default registry
144 silly mapToRegistry registry https://registry.npmjs.org/
145 silly mapToRegistry data Result {
145 silly mapToRegistry   raw: 'async',
145 silly mapToRegistry   scope: null,
145 silly mapToRegistry   escapedName: 'async',
145 silly mapToRegistry   name: 'async',
145 silly mapToRegistry   rawSpec: '',
145 silly mapToRegistry   spec: 'latest',
145 silly mapToRegistry   type: 'tag' }
146 silly mapToRegistry uri https://registry.npmjs.org/async
147 verbose addNameVersion registry:https://registry.npmjs.org/async not in flight; fetching
148 verbose get https://registry.npmjs.org/async not expired, no request
149 silly mapToRegistry name async
150 silly mapToRegistry using default registry
151 silly mapToRegistry registry https://registry.npmjs.org/
152 silly mapToRegistry data Result {
152 silly mapToRegistry   raw: 'async',
152 silly mapToRegistry   scope: null,
152 silly mapToRegistry   escapedName: 'async',
152 silly mapToRegistry   name: 'async',
152 silly mapToRegistry   rawSpec: '',
152 silly mapToRegistry   spec: 'latest',
152 silly mapToRegistry   type: 'tag' }
153 silly mapToRegistry uri https://registry.npmjs.org/async
154 verbose addRemoteTarball https://registry.npmjs.org/async/-/async-2.1.2.tgz not in flight; adding
155 verbose addRemoteTarball [ 'https://registry.npmjs.org/async/-/async-2.1.2.tgz',
155 verbose addRemoteTarball   '612a4ab45ef42a70cde806bad86ee6db047e8385' ]
156 info retry fetch attempt 1 at 22:10:47
157 info attempt registry request try #1 at 22:10:47
158 http fetch GET https://registry.npmjs.org/async/-/async-2.1.2.tgz
159 http 200 https://registry.npmjs.org/request
160 verbose headers { server: 'nginx/1.10.1',
160 verbose headers   'content-type': 'application/json',
160 verbose headers   'last-modified': 'Thu, 13 Apr 2017 16:48:49 GMT',
160 verbose headers   etag: 'W/"58efabf1-3733c"',
160 verbose headers   'content-encoding': 'gzip',
160 verbose headers   'cache-control': 'max-age=300',
160 verbose headers   'content-length': '34193',
160 verbose headers   'accept-ranges': 'bytes',
160 verbose headers   date: 'Fri, 14 Apr 2017 14:09:04 GMT',
160 verbose headers   via: '1.1 varnish',
160 verbose headers   age: '298',
160 verbose headers   connection: 'keep-alive',
160 verbose headers   'x-served-by': 'cache-cdg8720-CDG',
160 verbose headers   'x-cache': 'HIT',
160 verbose headers   'x-cache-hits': '3',
160 verbose headers   'x-timer': 'S1492178944.014653,VS0,VE0',
160 verbose headers   vary: 'Accept-Encoding' }
161 silly get cb [ 200,
161 silly get   { server: 'nginx/1.10.1',
161 silly get     'content-type': 'application/json',
161 silly get     'last-modified': 'Thu, 13 Apr 2017 16:48:49 GMT',
161 silly get     etag: 'W/"58efabf1-3733c"',
161 silly get     'content-encoding': 'gzip',
161 silly get     'cache-control': 'max-age=300',
161 silly get     'content-length': '34193',
161 silly get     'accept-ranges': 'bytes',
161 silly get     date: 'Fri, 14 Apr 2017 14:09:04 GMT',
161 silly get     via: '1.1 varnish',
161 silly get     age: '298',
161 silly get     connection: 'keep-alive',
161 silly get     'x-served-by': 'cache-cdg8720-CDG',
161 silly get     'x-cache': 'HIT',
161 silly get     'x-cache-hits': '3',
161 silly get     'x-timer': 'S1492178944.014653,VS0,VE0',
161 silly get     vary: 'Accept-Encoding' } ]
162 verbose get saving request to C:\Program Files\nodejs\node_cache\registry.npmjs.org\request\.cache.json
163 verbose correctMkdir C:\Program Files\nodejs\node_cache correctMkdir not in flight; initializing
164 silly resolveWithNewModule request@2.76.0 checking installable status
165 silly cache add args [ 'request@2.76.0', null ]
166 verbose cache add spec request@2.76.0
167 silly cache add parsed spec Result {
167 silly cache add   raw: 'request@2.76.0',
167 silly cache add   scope: null,
167 silly cache add   escapedName: 'request',
167 silly cache add   name: 'request',
167 silly cache add   rawSpec: '2.76.0',
167 silly cache add   spec: '2.76.0',
167 silly cache add   type: 'version' }
168 silly addNamed request@2.76.0
169 verbose addNamed "2.76.0" is a plain semver version for request
170 silly mapToRegistry name request
171 silly mapToRegistry using default registry
172 silly mapToRegistry registry https://registry.npmjs.org/
173 silly mapToRegistry data Result {
173 silly mapToRegistry   raw: 'request',
173 silly mapToRegistry   scope: null,
173 silly mapToRegistry   escapedName: 'request',
173 silly mapToRegistry   name: 'request',
173 silly mapToRegistry   rawSpec: '',
173 silly mapToRegistry   spec: 'latest',
173 silly mapToRegistry   type: 'tag' }
174 silly mapToRegistry uri https://registry.npmjs.org/request
175 verbose addNameVersion registry:https://registry.npmjs.org/request not in flight; fetching
176 verbose get https://registry.npmjs.org/request not expired, no request
177 silly mapToRegistry name request
178 silly mapToRegistry using default registry
179 silly mapToRegistry registry https://registry.npmjs.org/
180 silly mapToRegistry data Result {
180 silly mapToRegistry   raw: 'request',
180 silly mapToRegistry   scope: null,
180 silly mapToRegistry   escapedName: 'request',
180 silly mapToRegistry   name: 'request',
180 silly mapToRegistry   rawSpec: '',
180 silly mapToRegistry   spec: 'latest',
180 silly mapToRegistry   type: 'tag' }
181 silly mapToRegistry uri https://registry.npmjs.org/request
182 verbose addRemoteTarball https://registry.npmjs.org/request/-/request-2.76.0.tgz not in flight; adding
183 verbose addRemoteTarball [ 'https://registry.npmjs.org/request/-/request-2.76.0.tgz',
183 verbose addRemoteTarball   'be44505afef70360a0436955106be3945d95560e' ]
184 info retry fetch attempt 1 at 22:10:51
185 info attempt registry request try #1 at 22:10:51
186 http fetch GET https://registry.npmjs.org/request/-/request-2.76.0.tgz
187 http fetch 200 https://registry.npmjs.org/request/-/request-2.76.0.tgz
188 http fetch 200 https://registry.npmjs.org/async/-/async-2.1.2.tgz
189 silly fetchAndShaCheck shasum f3ef7ec822022a29e5da1de8a5c57c552fccf65c
190 verbose addTmpTarball C:\Users\IBM_AD~1\AppData\Local\Temp\npm-8240-d1adb781\registry.npmjs.org\cloudant-nano\-\cloudant-nano-6.4.1.tgz not in flight; adding
191 verbose addTmpTarball already have metadata; skipping unpack for cloudant-nano@6.4.1
192 verbose correctMkdir C:\Program Files\nodejs\node_cache correctMkdir not in flight; initializing
193 silly cache afterAdd cloudant-nano@6.4.1
194 verbose afterAdd C:\Program Files\nodejs\node_cache\cloudant-nano\6.4.1\package\package.json not in flight; writing
195 verbose correctMkdir C:\Program Files\nodejs\node_cache correctMkdir not in flight; initializing
196 verbose afterAdd C:\Program Files\nodejs\node_cache\cloudant-nano\6.4.1\package\package.json written
197 silly fetchAndShaCheck shasum be44505afef70360a0436955106be3945d95560e
198 verbose addTmpTarball C:\Users\IBM_AD~1\AppData\Local\Temp\npm-8240-d1adb781\registry.npmjs.org\request\-\request-2.76.0.tgz not in flight; adding
199 verbose addTmpTarball already have metadata; skipping unpack for request@2.76.0
200 verbose correctMkdir C:\Program Files\nodejs\node_cache correctMkdir not in flight; initializing
201 silly cache afterAdd request@2.76.0
202 verbose afterAdd C:\Program Files\nodejs\node_cache\request\2.76.0\package\package.json not in flight; writing
203 verbose correctMkdir C:\Program Files\nodejs\node_cache correctMkdir not in flight; initializing
204 verbose afterAdd C:\Program Files\nodejs\node_cache\request\2.76.0\package\package.json written
205 silly fetchAndShaCheck shasum 612a4ab45ef42a70cde806bad86ee6db047e8385
206 verbose addTmpTarball C:\Users\IBM_AD~1\AppData\Local\Temp\npm-8240-d1adb781\registry.npmjs.org\async\-\async-2.1.2.tgz not in flight; adding
207 verbose addTmpTarball already have metadata; skipping unpack for async@2.1.2
208 verbose correctMkdir C:\Program Files\nodejs\node_cache correctMkdir not in flight; initializing
209 silly cache afterAdd async@2.1.2
210 verbose afterAdd C:\Program Files\nodejs\node_cache\async\2.1.2\package\package.json not in flight; writing
211 verbose correctMkdir C:\Program Files\nodejs\node_cache correctMkdir not in flight; initializing
212 verbose afterAdd C:\Program Files\nodejs\node_cache\async\2.1.2\package\package.json written
213 silly fetchNamedPackageData lodash
214 silly mapToRegistry name lodash
215 silly mapToRegistry using default registry
216 silly mapToRegistry registry https://registry.npmjs.org/
217 silly mapToRegistry data Result {
217 silly mapToRegistry   raw: 'lodash',
217 silly mapToRegistry   scope: null,
217 silly mapToRegistry   escapedName: 'lodash',
217 silly mapToRegistry   name: 'lodash',
217 silly mapToRegistry   rawSpec: '',
217 silly mapToRegistry   spec: 'latest',
217 silly mapToRegistry   type: 'tag' }
218 silly mapToRegistry uri https://registry.npmjs.org/lodash
219 verbose request uri https://registry.npmjs.org/lodash
220 verbose request no auth needed
221 info attempt registry request try #1 at 22:11:39
222 http request GET https://registry.npmjs.org/lodash
223 http 200 https://registry.npmjs.org/lodash
224 verbose headers { server: 'nginx/1.10.1',
224 verbose headers   'content-type': 'application/json',
224 verbose headers   'last-modified': 'Wed, 12 Apr 2017 21:26:02 GMT',
224 verbose headers   etag: 'W/"58ee9b6a-2927b"',
224 verbose headers   'content-encoding': 'gzip',
224 verbose headers   'cache-control': 'max-age=300',
224 verbose headers   'content-length': '17268',
224 verbose headers   'accept-ranges': 'bytes',
224 verbose headers   date: 'Fri, 14 Apr 2017 14:10:01 GMT',
224 verbose headers   via: '1.1 varnish',
224 verbose headers   age: '19',
224 verbose headers   connection: 'keep-alive',
224 verbose headers   'x-served-by': 'cache-cdg8735-CDG',
224 verbose headers   'x-cache': 'HIT',
224 verbose headers   'x-cache-hits': '1',
224 verbose headers   'x-timer': 'S1492179002.589220,VS0,VE0',
224 verbose headers   vary: 'Accept-Encoding' }
225 silly get cb [ 200,
225 silly get   { server: 'nginx/1.10.1',
225 silly get     'content-type': 'application/json',
225 silly get     'last-modified': 'Wed, 12 Apr 2017 21:26:02 GMT',
225 silly get     etag: 'W/"58ee9b6a-2927b"',
225 silly get     'content-encoding': 'gzip',
225 silly get     'cache-control': 'max-age=300',
225 silly get     'content-length': '17268',
225 silly get     'accept-ranges': 'bytes',
225 silly get     date: 'Fri, 14 Apr 2017 14:10:01 GMT',
225 silly get     via: '1.1 varnish',
225 silly get     age: '19',
225 silly get     connection: 'keep-alive',
225 silly get     'x-served-by': 'cache-cdg8735-CDG',
225 silly get     'x-cache': 'HIT',
225 silly get     'x-cache-hits': '1',
225 silly get     'x-timer': 'S1492179002.589220,VS0,VE0',
225 silly get     vary: 'Accept-Encoding' } ]
226 verbose get saving lodash to C:\Program Files\nodejs\node_cache\registry.npmjs.org\lodash\.cache.json
227 verbose correctMkdir C:\Program Files\nodejs\node_cache correctMkdir not in flight; initializing
228 silly resolveWithNewModule lodash@4.17.4 checking installable status
229 silly cache add args [ 'lodash@^4.14.0', null ]
230 verbose cache add spec lodash@^4.14.0
231 silly cache add parsed spec Result {
231 silly cache add   raw: 'lodash@^4.14.0',
231 silly cache add   scope: null,
231 silly cache add   escapedName: 'lodash',
231 silly cache add   name: 'lodash',
231 silly cache add   rawSpec: '^4.14.0',
231 silly cache add   spec: '>=4.14.0 <5.0.0',
231 silly cache add   type: 'range' }
232 silly addNamed lodash@>=4.14.0 <5.0.0
233 verbose addNamed ">=4.14.0 <5.0.0" is a valid semver range for lodash
234 silly addNameRange { name: 'lodash', range: '>=4.14.0 <5.0.0', hasData: false }
235 silly mapToRegistry name lodash
236 silly mapToRegistry using default registry
237 silly mapToRegistry registry https://registry.npmjs.org/
238 silly mapToRegistry data Result {
238 silly mapToRegistry   raw: 'lodash',
238 silly mapToRegistry   scope: null,
238 silly mapToRegistry   escapedName: 'lodash',
238 silly mapToRegistry   name: 'lodash',
238 silly mapToRegistry   rawSpec: '',
238 silly mapToRegistry   spec: 'latest',
238 silly mapToRegistry   type: 'tag' }
239 silly mapToRegistry uri https://registry.npmjs.org/lodash
240 verbose addNameRange registry:https://registry.npmjs.org/lodash not in flight; fetching
241 verbose get https://registry.npmjs.org/lodash not expired, no request
242 silly addNameRange number 2 { name: 'lodash', range: '>=4.14.0 <5.0.0', hasData: true }
243 silly addNameRange versions [ 'lodash',
243 silly addNameRange   [ '0.1.0',
243 silly addNameRange     '0.2.0',
243 silly addNameRange     '0.2.1',
243 silly addNameRange     '0.2.2',
243 silly addNameRange     '0.3.0',
243 silly addNameRange     '0.3.1',
243 silly addNameRange     '0.3.2',
243 silly addNameRange     '0.4.0',
243 silly addNameRange     '0.4.1',
243 silly addNameRange     '0.4.2',
243 silly addNameRange     '0.5.0-rc.1',
243 silly addNameRange     '0.5.0',
243 silly addNameRange     '0.5.1',
243 silly addNameRange     '0.5.2',
243 silly addNameRange     '0.6.0',
243 silly addNameRange     '0.6.1',
243 silly addNameRange     '0.7.0',
243 silly addNameRange     '0.8.0',
243 silly addNameRange     '0.8.1',
243 silly addNameRange     '0.8.2',
243 silly addNameRange     '0.9.0',
243 silly addNameRange     '0.9.1',
243 silly addNameRange     '0.9.2',
243 silly addNameRange     '0.10.0',
243 silly addNameRange     '1.0.0-rc.1',
243 silly addNameRange     '1.0.0-rc.2',
243 silly addNameRange     '1.0.0-rc.3',
243 silly addNameRange     '1.0.0',
243 silly addNameRange     '1.0.1',
243 silly addNameRange     '1.1.0',
243 silly addNameRange     '1.1.1',
243 silly addNameRange     '1.2.0',
243 silly addNameRange     '1.2.1',
243 silly addNameRange     '1.3.0',
243 silly addNameRange     '1.3.1',
243 silly addNameRange     '2.0.0',
243 silly addNameRange     '2.1.0',
243 silly addNameRange     '2.2.0',
243 silly addNameRange     '2.2.1',
243 silly addNameRange     '2.3.0',
243 silly addNameRange     '2.4.0',
243 silly addNameRange     '2.4.1',
243 silly addNameRange     '3.0.0',
243 silly addNameRange     '3.0.1',
243 silly addNameRange     '3.1.0',
243 silly addNameRange     '3.2.0',
243 silly addNameRange     '3.3.0',
243 silly addNameRange     '3.3.1',
243 silly addNameRange     '3.4.0',
243 silly addNameRange     '3.5.0',
243 silly addNameRange     '3.6.0',
243 silly addNameRange     '1.0.2',
243 silly addNameRange     '3.7.0',
243 silly addNameRange     '2.4.2',
243 silly addNameRange     '3.8.0',
243 silly addNameRange     '3.9.0',
243 silly addNameRange     '3.9.1',
243 silly addNameRange     '3.9.2',
243 silly addNameRange     '3.9.3',
243 silly addNameRange     '3.10.0',
243 silly addNameRange     '3.10.1',
243 silly addNameRange     '4.0.0',
243 silly addNameRange     '4.0.1',
243 silly addNameRange     '4.1.0',
243 silly addNameRange     '4.2.0',
243 silly addNameRange     '4.2.1',
243 silly addNameRange     '4.3.0',
243 silly addNameRange     '4.4.0',
243 silly addNameRange     '4.5.0',
243 silly addNameRange     '4.5.1',
243 silly addNameRange     '4.6.0',
243 silly addNameRange     '4.6.1',
243 silly addNameRange     '4.7.0',
243 silly addNameRange     '4.8.0',
243 silly addNameRange     '4.8.1',
243 silly addNameRange     '4.8.2',
243 silly addNameRange     '4.9.0',
243 silly addNameRange     '4.10.0',
243 silly addNameRange     '4.11.0',
243 silly addNameRange     '4.11.1',
243 silly addNameRange     '4.11.2',
243 silly addNameRange     '4.12.0',
243 silly addNameRange     '4.13.0',
243 silly addNameRange     '4.13.1',
243 silly addNameRange     '4.14.0',
243 silly addNameRange     '4.14.1',
243 silly addNameRange     '4.14.2',
243 silly addNameRange     '4.15.0',
243 silly addNameRange     '4.16.0',
243 silly addNameRange     '4.16.1',
243 silly addNameRange     '4.16.2',
243 silly addNameRange     '4.16.3',
243 silly addNameRange     '4.16.4',
243 silly addNameRange     '4.16.5',
243 silly addNameRange     '4.16.6',
243 silly addNameRange     '4.17.0',
243 silly addNameRange     '4.17.1',
243 silly addNameRange     '4.17.2',
243 silly addNameRange     '4.17.3',
243 silly addNameRange     '4.17.4' ] ]
244 silly addNamed lodash@4.17.4
245 verbose addNamed "4.17.4" is a plain semver version for lodash
246 silly mapToRegistry name lodash
247 silly mapToRegistry using default registry
248 silly mapToRegistry registry https://registry.npmjs.org/
249 silly mapToRegistry data Result {
249 silly mapToRegistry   raw: 'lodash',
249 silly mapToRegistry   scope: null,
249 silly mapToRegistry   escapedName: 'lodash',
249 silly mapToRegistry   name: 'lodash',
249 silly mapToRegistry   rawSpec: '',
249 silly mapToRegistry   spec: 'latest',
249 silly mapToRegistry   type: 'tag' }
250 silly mapToRegistry uri https://registry.npmjs.org/lodash
251 verbose addRemoteTarball https://registry.npmjs.org/lodash/-/lodash-4.17.4.tgz not in flight; adding
252 verbose addRemoteTarball [ 'https://registry.npmjs.org/lodash/-/lodash-4.17.4.tgz',
252 verbose addRemoteTarball   '78203a4d1c328ae1d86dca6460e369b57f4055ae' ]
253 info retry fetch attempt 1 at 22:11:42
254 info attempt registry request try #1 at 22:11:42
255 http fetch GET https://registry.npmjs.org/lodash/-/lodash-4.17.4.tgz
256 http fetch 200 https://registry.npmjs.org/lodash/-/lodash-4.17.4.tgz
257 verbose stack Error: kill ENOSYS
257 verbose stack     at exports._errnoException (util.js:1022:11)
257 verbose stack     at process.kill (internal/process.js:173:13)
257 verbose stack     at process.listener (C:\Program Files\nodejs\node_modules\npm\node_modules\npmlog\node_modules\gauge\node_modules\signal-exit\index.js:86:15)
257 verbose stack     at emitNone (events.js:91:20)
257 verbose stack     at process.emit (events.js:185:7)
257 verbose stack     at processEmit (C:\Program Files\nodejs\node_modules\npm\node_modules\npmlog\node_modules\gauge\node_modules\signal-exit\index.js:146:32)
257 verbose stack     at processEmit (C:\Program Files\nodejs\node_modules\npm\node_modules\npm-registry-client\node_modules\npmlog\node_modules\gauge\node_modules\signal-exit\index.js:146:32)
257 verbose stack     at Signal.wrap.onsignal (internal/process.js:200:44)
258 verbose cwd C:\MarsWorkspace\DigitalLibrary
259 error Windows_NT 6.1.7601
260 error argv "C:\\Program Files\\nodejs\\node.exe" "C:\\Program Files\\nodejs\\node_modules\\npm\\bin\\npm-cli.js" "install" "cloudant"
261 error node v7.2.0
262 error npm  v3.10.9
263 error code ENOSYS
264 error errno ENOSYS
265 error syscall kill
266 error kill ENOSYS
267 error If you need help, you may report this error at:
267 error     <https://github.com/npm/npm/issues>
268 verbose exit [ 1, true ]
